3135
14292
222098
320336
38879
108031
32759
100415
21576
188204
152194
127423
79849
868488
232514
456986
328467
536027
332385
573856
613474
413415
867601
585726
270641
271875
229370
524734
670320
313273
209588
360451
298120
779647
538554
915300
620848
359394
1280522
890042
1246184
357044
845931
836138
984648
940891
1517631
439470
791201
896819
1176770
955949
793246
927930
1089329
824660
844152
993767
2971759
1923832
842296
604280
1219892
676226
454888
861355
555998
401985
533575
629355
1039797
526498
1799795
1790295
1089616
325446
905196
623970
542357
616937
197168
618960
523542
377626
687029
1311392
531232
406005
1261839
464020
405613
238440
541051
1414135
526551
1024536
2076285
1953521
1541433
755384
622299
838460
1219279
1934793
570878
1712735
825276
853082
962651
1090935
764024
1107459
1161822
582170
1209319
1136596
1368009
1517768
1087274
666390
277864
523035
1315623
1257828
485106
821612
1052083
1310542
227866
756540
674792
696086
1332548
670462
704003
553351
317829
531452
1264648
784646
708633
603700
858038
912055
1140818
1089865
635142
687808
756031
1848203
1078555
460265
976877
1269807
668823
417617
558946
666479
270203
253336
278386
371702
535116
242660
280473
110579
442383
455143
554160
793165
505454
808305
1013231
587293
1476442
1112912
1368597
860008
1099355
1256145
1261350
1354038
465159
606210
1196670
1554150
1627502
1470227
1340881
1306879
605103
1340436
1231469
908799
797668
759355
1151034
1016174
472372
1614360
1516935
1109331
1275573
508847
336251
695374
106089
139488
1053645
1004359
999207
365100
383038
429870
599259
253653
1264138
1104931
720290
1769166
3245656
641212
1008997
554135
1629497
1181287
786700
838791
1187651
635068
1343209
2111257
342072
488901
693795
654228
2096029
629867
652325
1508383
1518806
1342747
1225357
1557204
295126
946972
815482
402072
687594
731987
1343960
468575
586959
535563
971424
269339
846498
1095689
1380405
955177
2348791
980619
1557605
984104
449727
836822
2326994
718883
621877
1711301
1241742
1196904
475212
703659
896405
938050
1431374
546309
243348
440130
1068151
1028868
855150
858296
522664
551382
1200999
331268
341861
759580
673254
479603
332577
1648989
1070990
1153885
911065
726981
421734
486784
765453
599292
689222
747411
368622
626706
309095
538241
1058682
326055
620069
341611
455151
608097
440960
723918
580355
626274
1376518
216981
472171
495398
440595
1137703
416873
745989
610402
569352
969277
482230
784514
809095
1029792
962061
357667
509887
398091
924305
996660
1432142
778556
426737
574458
1395042
1723983
1772350
854081
490766
338641
355964
355031
459451
1548962
886168
2619934
569370
876682
1274778
921573
1965161
462926
925988
391595
662334
932194
727655
944313
1122439
1313338
802864
969642
1877771
864391
695455
1058251
1384581
1441935
651788
505262
725162
1084920
999487
2347515
779348
558935
492788
1008375
720150
1095698
979142
1507261
434876
247694
874430
704910
653723
584839
1350415
539452
1139426
1057135
1293559
809782
472595
845971
1077051
829954
1477268
497123
514365
1311818
678344
1275524
2732312
630418
392271
447391
1425329
899481
727938
1321701
861300
881695
608966
1079082
192648
447438
497620
457487
1518464
662333
913884
839362
1222246
1322302
448709
547439
1253381
637227
411715
349735
754294
629186
293488
294949
478057
958872
2938179
742373
340863
1029508
678585
576247
712847
930574
925296
522728
575594
1232511
891854
1630044
1734435
1236783
631937
1516817
1285900
1221490
799009
552825
1413360
975667
1505399
1195152
554994
477253
1047247
720194
817630
451623
670460
589738
619670
365803
742844
1167709
1507282
602878
804529
1271232
382078
504890
1107886
483407
1080264
871388
1000608
737446
601335
619493
1102848
1080843
571230
531286
1007115
437704
557720
662604
616833
526564
663844
1354220
1023695
1014964
646876
