11435
37441
7107
11576
14842
31383
144
14653
36619
30106
23262
2632
28032
1182
9617
10259
2395
7747
20013
4530
22691
4551
58367
28501
10436
11244
32067
10472
35073
8881
30229
1948
765
5299
54116
24104
46732
35872
40517
59533
29229
8066
26229
8293
13058
43608
8977
8130
46659
19133
11552
35937
9974
6124
4578
29478
8037
17358
9155
28408
49876
54012
3436
17521
20733
20732
52213
1771
10624
19923
13141
26261
9427
12854
34213
46393
3458
36385
42626
24122
39621
563
36214
26657
41416
52067
25302
2000
31848
48809
12328
9899
38893
26798
38414
4959
8636
42133
7809
29785
5034
43374
17559
14656
1811
16132
10561
51911
33079
28890
15193
40257
41575
1669
18826
17130
18562
27902
41233
8725
972
40234
43555
11708
41864
12740
35619
45278
26138
8151
36577
56779
1094
0
28753
28491
48696
11632
15355
14753
32159
40851
15637
11866
2890
43536
16411
18865
0
43170
23895
6245
7792
20352
36543
15977
29126
29052
55570
31505
15285
7526
19408
7718
6912
38105
5136
38668
51565
29251
3263
16972
34770
9975
29298
52644
1491
2210
2514
33556
54117
41919
41440
41770
893
14378
18723
38483
26554
27875
48767
41796
8234
20560
3352
1895
10592
45433
39376
2344
7265
39133
1195
5640
25032
18348
15777
26705
39846
6072
22238
39637
23782
194
52442
1590
46921
34796
11291
49436
55241
3860
3594
5442
15662
29693
5532
14989
30889
48334
49226
27724
6901
18678
13723
36819
1343
35535
36982
12998
11829
25064
2102
27561
35076
14273
13366
34494
20591
36170
7147
21494
42991
26139
21268
47557
15417
1652
31874
4724
6232
38516
33573
54613
6891
7070
19560
3970
37794
6116
29613
12121
13345
55161
28585
7055
49308
43271
28232
26353
2781
20928
514
57938
33539
29894
5172
39433
7222
43153
53852
19678
14456
12372
12740
41808
3438
6287
21202
3509
7828
6189
21375
33465
49213
17185
44832
7373
1092
49499
20240
45085
20070
45728
4817
4341
36841
4468
11334
1508
34500
8325
32857
27232
18996
16402
12901
33480
816
3344
27521
17826
9816
11962
14893
14161
32114
34856
2840
47982
44094
57268
22165
36230
4931
4910
19316
10782
33678
5269
21611
27292
3180
30581
5169
2690
4762
872
3952
27621
46890
6836
54320
0
2951
2208
46015
19349
46539
16322
29041
42663
13013
2968
491
1176
24498
54743
1514
22426
12576
1773
4555
2302
15569
43260
14437
39576
19807
10911
49090
0
651
35689
11956
29876
57796
917
34247
20060
31406
23857
40361
42270
42923
50303
17975
33186
12146
34190
2484
33048
21139
37847
32272
46784
24858
8302
11677
8344
12268
10267
5283
35669
21190
53611
21125
21390
43014
27235
48411
473
22608
23613
47291
9420
23001
5268
26011
35251
42010
30112
35623
12377
1476
32936
30432
26496
6973
37859
15575
46726
55717
27089
6153
33264
45347
19885
3544
9011
10694
33765
37229
49539
11190
52841
6791
49652
18621
18698
45132
25953
6804
20535
7139
17438
13555
43994
48063
17435
4974
4773
20566
7887
12753
11007
7983
51474
20041
8626
2614
46944
22238
873
11900
10160
28683
30864
21519
42848
17029
33137
46829
1937
10921
11111
4809
3604
6605
1517
21305
48472
22971
12951
16889
48764
4846
1334
5160
3122
35397
19951
40965
3098
29099
16654
33190
53024
23277
48268
21491
2663
49177
14060
50142
47996
18648
8864
2304
37482
22138
31901
46431
30504
6304
7881
50510
-14
16690
9940
38590
23680
25154
11515
15230
29213
27217
51067
58559
20297
26293
11715
17004
26347
31119
11267
46245
6897
26587
2695
13751
13551
23921
5130
52620
1140
16994
14702
4406
18306
23270
10232
24788
1441
6630
45826
13625
59119
33075
19835
51595
48051
33157
2462
2050
23853
17594
43896
28604
44785
45737
19985
18399
38922
10779
1588
6069
40941
10049
13354
9049
30604
20921
22059
34471
19479
56406
25421
18003
41790
29562
29806
10535
37801
55524
486
53688
50876
2375
24371
48654
56117
42432
19607
41191
34500
5117
58741
4689
39604
19465
14639
16685
39616
7632
20952
5943
6985
15624
37439
49058
30206
43077
51156
50613
107
21594
29795
2367
32718
14685
14019
37840
53048
14223
52425
39247
44102
12894
53327
41486
46665
45204
47407
14438
13561
37040
43606
40188
15377
53
30672
15728
8296
7756
539
45422
39563
678
44925
18432
4461
49629
54297
15199
53460
18989
9378
49360
7413
33181
14238
19563
27531
25088
48940
10925
52135
4573
40681
0
38038
1759
26992
222
-87
1259
41285
5294
8006
24297
40641
17672
35690
1064
15215
30062
42083
9099
9649
41727
243
2262
10258
19535
28079
58729
25879
19015
5666
6065
8857
23228
43136
16021
42328
26722
29807
19850
26627
62488
45548
8788
12719
26272
33044
39866
21798
22218
34862
4916
31675
5730
50115
22670
6376
22989
34132
14592
30839
31386
30591
33269
30128
5952
2691
28642
13812
27658
8754
33959
16898
40424
26959
11933
34834
48832
1071
2622
10831
9053
5705
42801
26319
32816
9906
5824
3528
1758
5914
2581
2798
3253
28708
47387
24895
16922
4229
1665
50292
1895
50069
2435
29076
15881
31333
33673
10639
49756
9208
1935
25533
42361
19766
28797
33230
51196
7007
44049
15145
18128
49409
12995
33618
10419
36571
28586
20736
50176
7440
4753
48887
7028
39168
10047
35630
18420
20246
25611
9077
1271
10609
32726
15084
11552
13859
36888
